<?xml version="1.0" encoding="UTF-8"?>
<testsuite name="com.university.nginxloganalyzer.LogAnalysisService" tests="4" skipped="0" failures="0" errors="0" timestamp="2025-11-19T17:51:29.026Z" hostname="ULMIE" time="0.029">
  <properties/>
  <testcase name="userAgentNoMatch()" classname="com.university.nginxloganalyzer.LogAnalysisService" time="0.018"/>
  <testcase name="statusCodes()" classname="com.university.nginxloganalyzer.LogAnalysisService" time="0.004"/>
  <testcase name="topIps()" classname="com.university.nginxloganalyzer.LogAnalysisService" time="0.001"/>
  <testcase name="userAgentHits()" classname="com.university.nginxloganalyzer.LogAnalysisService" time="0.001"/>
  <system-out><![CDATA[]]></system-out>
  <system-err><![CDATA[]]></system-err>
</testsuite>
